Analysis & Synthesis report for Preventing_the_Next_9_11
Fri Mar 29 11:14:05 2019
Quartus Prime Version 18.1.0 Build 625 09/12/2018 SJ Lite Edition


---------------------
; Table of Contents ;
---------------------
  1. Legal Notice
  2. Analysis & Synthesis Summary
  3. Analysis & Synthesis Settings
  4. Parallel Compilation
  5. Analysis & Synthesis Messages



----------------
; Legal Notice ;
----------------
Copyright (C) 2018  Intel Corporation. All rights reserved.
Your use of Intel Corporation's design tools, logic functions 
and other software and tools, and its AMPP partner logic 
functions, and any output files from any of the foregoing 
(including device programming or simulation files), and any 
associated documentation or information are expressly subject 
to the terms and conditions of the Intel Program License 
Subscription Agreement, the Intel Quartus Prime License Agreement,
the Intel FPGA IP License Agreement, or other applicable license
agreement, including, without limitation, that your use is for
the sole purpose of programming logic devices manufactured by
Intel and sold by Intel or its authorized distributors.  Please
refer to the applicable agreement for further details.



+---------------------------------------------------------------------------+
; Analysis & Synthesis Summary                                              ;
+-----------------------------+---------------------------------------------+
; Analysis & Synthesis Status ; Failed - Fri Mar 29 11:14:05 2019           ;
; Quartus Prime Version       ; 18.1.0 Build 625 09/12/2018 SJ Lite Edition ;
; Revision Name               ; Preventing_the_Next_9_11                    ;
; Top-level Entity Name       ; DUT                                         ;
; Family                      ; MAX V                                       ;
+-----------------------------+---------------------------------------------+


+------------------------------------------------------------------------------------------------------------------+
; Analysis & Synthesis Settings                                                                                    ;
+------------------------------------------------------------------+--------------------+--------------------------+
; Option                                                           ; Setting            ; Default Value            ;
+------------------------------------------------------------------+--------------------+--------------------------+
; Top-level entity name                                            ; DUT                ; Preventing_the_Next_9_11 ;
; Family name                                                      ; MAX V              ; Cyclone V                ;
; Use smart compilation                                            ; Off                ; Off                      ;
; Enable parallel Assembler and Timing Analyzer during compilation ; On                 ; On                       ;
; Enable compact report table                                      ; Off                ; Off                      ;
; Restructure Multiplexers                                         ; Auto               ; Auto                     ;
; Create Debugging Nodes for IP Cores                              ; Off                ; Off                      ;
; Preserve fewer node names                                        ; On                 ; On                       ;
; Intel FPGA IP Evaluation Mode                                    ; Enable             ; Enable                   ;
; Verilog Version                                                  ; Verilog_2001       ; Verilog_2001             ;
; VHDL Version                                                     ; VHDL_1993          ; VHDL_1993                ;
; State Machine Processing                                         ; Auto               ; Auto                     ;
; Safe State Machine                                               ; Off                ; Off                      ;
; Extract Verilog State Machines                                   ; On                 ; On                       ;
; Extract VHDL State Machines                                      ; On                 ; On                       ;
; Ignore Verilog initial constructs                                ; Off                ; Off                      ;
; Iteration limit for constant Verilog loops                       ; 5000               ; 5000                     ;
; Iteration limit for non-constant Verilog loops                   ; 250                ; 250                      ;
; Add Pass-Through Logic to Inferred RAMs                          ; On                 ; On                       ;
; Infer RAMs from Raw Logic                                        ; On                 ; On                       ;
; Parallel Synthesis                                               ; On                 ; On                       ;
; NOT Gate Push-Back                                               ; On                 ; On                       ;
; Power-Up Don't Care                                              ; On                 ; On                       ;
; Remove Redundant Logic Cells                                     ; Off                ; Off                      ;
; Remove Duplicate Registers                                       ; On                 ; On                       ;
; Ignore CARRY Buffers                                             ; Off                ; Off                      ;
; Ignore CASCADE Buffers                                           ; Off                ; Off                      ;
; Ignore GLOBAL Buffers                                            ; Off                ; Off                      ;
; Ignore ROW GLOBAL Buffers                                        ; Off                ; Off                      ;
; Ignore LCELL Buffers                                             ; Off                ; Off                      ;
; Ignore SOFT Buffers                                              ; On                 ; On                       ;
; Limit AHDL Integers to 32 Bits                                   ; Off                ; Off                      ;
; Optimization Technique                                           ; Balanced           ; Balanced                 ;
; Carry Chain Length                                               ; 70                 ; 70                       ;
; Auto Carry Chains                                                ; On                 ; On                       ;
; Auto Open-Drain Pins                                             ; On                 ; On                       ;
; Perform WYSIWYG Primitive Resynthesis                            ; Off                ; Off                      ;
; Auto Shift Register Replacement                                  ; Auto               ; Auto                     ;
; Allow Shift Register Merging across Hierarchies                  ; Auto               ; Auto                     ;
; Auto Clock Enable Replacement                                    ; On                 ; On                       ;
; Allow Synchronous Control Signals                                ; On                 ; On                       ;
; Force Use of Synchronous Clear Signals                           ; Off                ; Off                      ;
; Auto Resource Sharing                                            ; Off                ; Off                      ;
; Use LogicLock Constraints during Resource Balancing              ; On                 ; On                       ;
; Ignore translate_off and synthesis_off directives                ; Off                ; Off                      ;
; Report Parameter Settings                                        ; On                 ; On                       ;
; Report Source Assignments                                        ; On                 ; On                       ;
; Report Connectivity Checks                                       ; On                 ; On                       ;
; Ignore Maximum Fan-Out Assignments                               ; Off                ; Off                      ;
; Synchronization Register Chain Length                            ; 2                  ; 2                        ;
; Power Optimization During Synthesis                              ; Normal compilation ; Normal compilation       ;
; HDL message level                                                ; Level2             ; Level2                   ;
; Suppress Register Optimization Related Messages                  ; Off                ; Off                      ;
; Number of Removed Registers Reported in Synthesis Report         ; 5000               ; 5000                     ;
; Number of Swept Nodes Reported in Synthesis Report               ; 5000               ; 5000                     ;
; Number of Inverted Registers Reported in Synthesis Report        ; 100                ; 100                      ;
; Clock MUX Protection                                             ; On                 ; On                       ;
; Block Design Naming                                              ; Auto               ; Auto                     ;
; Synthesis Effort                                                 ; Auto               ; Auto                     ;
; Shift Register Replacement - Allow Asynchronous Clear Signal     ; On                 ; On                       ;
; Analysis & Synthesis Message Level                               ; Medium             ; Medium                   ;
; Disable Register Merging Across Hierarchies                      ; Auto               ; Auto                     ;
+------------------------------------------------------------------+--------------------+--------------------------+


+------------------------------------------+
; Parallel Compilation                     ;
+----------------------------+-------------+
; Processors                 ; Number      ;
+----------------------------+-------------+
; Number detected on machine ; 4           ;
; Maximum allowed            ; 2           ;
;                            ;             ;
; Average used               ; 1.00        ;
; Maximum used               ; 1           ;
;                            ;             ;
; Usage by Processor         ; % Time Used ;
;     Processor 1            ; 100.0%      ;
+----------------------------+-------------+


+-------------------------------+
; Analysis & Synthesis Messages ;
+-------------------------------+
Info: *******************************************************************
Info: Running Quartus Prime Analysis & Synthesis
    Info: Version 18.1.0 Build 625 09/12/2018 SJ Lite Edition
    Info: Processing started: Fri Mar 29 11:13:48 2019
Info: Command: quartus_map --read_settings_files=on --write_settings_files=off Preventing_the_Next_9_11 -c Preventing_the_Next_9_11
Warning (18236): Number of processors has not been specified which may cause overloading on shared machines.  Set the global assignment NUM_PARALLEL_PROCESSORS in your QSF to an appropriate value for best performance.
Info (20030): Parallel compilation is enabled and will use 2 of the 2 processors detected
Info (12021): Found 2 design units, including 1 entities, in source file dut.vhdl
    Info (12022): Found design unit 1: DUT-DutWrap File: C:/Users/aaron/Desktop/IITB/Annual_Academic_Files/Year_2/Semester_4/EE214/P6/Aaron/DUT.vhdl Line: 10
    Info (12023): Found entity 1: DUT File: C:/Users/aaron/Desktop/IITB/Annual_Academic_Files/Year_2/Semester_4/EE214/P6/Aaron/DUT.vhdl Line: 5
Error (10500): VHDL syntax error at Preventing_the_Next_9_11.vhdl(23) near text ";";  expecting ")", or "," File: C:/Users/aaron/Desktop/IITB/Annual_Academic_Files/Year_2/Semester_4/EE214/P6/Aaron/Preventing_the_Next_9_11.vhdl Line: 23
Error (10500): VHDL syntax error at Preventing_the_Next_9_11.vhdl(24) near text ";";  expecting ")", or "," File: C:/Users/aaron/Desktop/IITB/Annual_Academic_Files/Year_2/Semester_4/EE214/P6/Aaron/Preventing_the_Next_9_11.vhdl Line: 24
Error (10500): VHDL syntax error at Preventing_the_Next_9_11.vhdl(25) near text ";";  expecting ")", or "," File: C:/Users/aaron/Desktop/IITB/Annual_Academic_Files/Year_2/Semester_4/EE214/P6/Aaron/Preventing_the_Next_9_11.vhdl Line: 25
Error (10500): VHDL syntax error at Preventing_the_Next_9_11.vhdl(26) near text ";";  expecting ")", or "," File: C:/Users/aaron/Desktop/IITB/Annual_Academic_Files/Year_2/Semester_4/EE214/P6/Aaron/Preventing_the_Next_9_11.vhdl Line: 26
Info (12021): Found 0 design units, including 0 entities, in source file preventing_the_next_9_11.vhdl
Error (10500): VHDL syntax error at Preventing_the_Next_9_11_Bomb.vhdl(19) near text "'";  expecting "(", or an identifier, or  unary operator File: C:/Users/aaron/Desktop/IITB/Annual_Academic_Files/Year_2/Semester_4/EE214/P6/Aaron/Preventing_the_Next_9_11_Bomb.vhdl Line: 19
Error (10500): VHDL syntax error at Preventing_the_Next_9_11_Bomb.vhdl(20) near text "'";  expecting "(", or an identifier, or  unary operator File: C:/Users/aaron/Desktop/IITB/Annual_Academic_Files/Year_2/Semester_4/EE214/P6/Aaron/Preventing_the_Next_9_11_Bomb.vhdl Line: 20
Error (10500): VHDL syntax error at Preventing_the_Next_9_11_Bomb.vhdl(21) near text "'";  expecting "(", or an identifier, or  unary operator File: C:/Users/aaron/Desktop/IITB/Annual_Academic_Files/Year_2/Semester_4/EE214/P6/Aaron/Preventing_the_Next_9_11_Bomb.vhdl Line: 21
Error (10500): VHDL syntax error at Preventing_the_Next_9_11_Bomb.vhdl(22) near text "'";  expecting "(", or an identifier, or  unary operator File: C:/Users/aaron/Desktop/IITB/Annual_Academic_Files/Year_2/Semester_4/EE214/P6/Aaron/Preventing_the_Next_9_11_Bomb.vhdl Line: 22
Error (10500): VHDL syntax error at Preventing_the_Next_9_11_Bomb.vhdl(23) near text "'";  expecting "(", or an identifier, or  unary operator File: C:/Users/aaron/Desktop/IITB/Annual_Academic_Files/Year_2/Semester_4/EE214/P6/Aaron/Preventing_the_Next_9_11_Bomb.vhdl Line: 23
Error (10500): VHDL syntax error at Preventing_the_Next_9_11_Bomb.vhdl(24) near text "'";  expecting "(", or an identifier, or  unary operator File: C:/Users/aaron/Desktop/IITB/Annual_Academic_Files/Year_2/Semester_4/EE214/P6/Aaron/Preventing_the_Next_9_11_Bomb.vhdl Line: 24
Error (10500): VHDL syntax error at Preventing_the_Next_9_11_Bomb.vhdl(25) near text "'";  expecting "(", or an identifier, or  unary operator File: C:/Users/aaron/Desktop/IITB/Annual_Academic_Files/Year_2/Semester_4/EE214/P6/Aaron/Preventing_the_Next_9_11_Bomb.vhdl Line: 25
Error (10500): VHDL syntax error at Preventing_the_Next_9_11_Bomb.vhdl(26) near text "'";  expecting "(", or an identifier, or  unary operator File: C:/Users/aaron/Desktop/IITB/Annual_Academic_Files/Year_2/Semester_4/EE214/P6/Aaron/Preventing_the_Next_9_11_Bomb.vhdl Line: 26
Error (10500): VHDL syntax error at Preventing_the_Next_9_11_Bomb.vhdl(27) near text "'";  expecting "(", or an identifier, or  unary operator File: C:/Users/aaron/Desktop/IITB/Annual_Academic_Files/Year_2/Semester_4/EE214/P6/Aaron/Preventing_the_Next_9_11_Bomb.vhdl Line: 27
Error (10500): VHDL syntax error at Preventing_the_Next_9_11_Bomb.vhdl(28) near text "'";  expecting "(", or an identifier, or  unary operator File: C:/Users/aaron/Desktop/IITB/Annual_Academic_Files/Year_2/Semester_4/EE214/P6/Aaron/Preventing_the_Next_9_11_Bomb.vhdl Line: 28
Error (10500): VHDL syntax error at Preventing_the_Next_9_11_Bomb.vhdl(29) near text "'";  expecting "(", or an identifier, or  unary operator File: C:/Users/aaron/Desktop/IITB/Annual_Academic_Files/Year_2/Semester_4/EE214/P6/Aaron/Preventing_the_Next_9_11_Bomb.vhdl Line: 29
Error (10500): VHDL syntax error at Preventing_the_Next_9_11_Bomb.vhdl(30) near text "'";  expecting "(", or an identifier, or  unary operator File: C:/Users/aaron/Desktop/IITB/Annual_Academic_Files/Year_2/Semester_4/EE214/P6/Aaron/Preventing_the_Next_9_11_Bomb.vhdl Line: 30
Error (10500): VHDL syntax error at Preventing_the_Next_9_11_Bomb.vhdl(31) near text "'";  expecting "(", or an identifier, or  unary operator File: C:/Users/aaron/Desktop/IITB/Annual_Academic_Files/Year_2/Semester_4/EE214/P6/Aaron/Preventing_the_Next_9_11_Bomb.vhdl Line: 31
Error (10500): VHDL syntax error at Preventing_the_Next_9_11_Bomb.vhdl(32) near text "'";  expecting "(", or an identifier, or  unary operator File: C:/Users/aaron/Desktop/IITB/Annual_Academic_Files/Year_2/Semester_4/EE214/P6/Aaron/Preventing_the_Next_9_11_Bomb.vhdl Line: 32
Error (10500): VHDL syntax error at Preventing_the_Next_9_11_Bomb.vhdl(33) near text "'";  expecting "(", or an identifier, or  unary operator File: C:/Users/aaron/Desktop/IITB/Annual_Academic_Files/Year_2/Semester_4/EE214/P6/Aaron/Preventing_the_Next_9_11_Bomb.vhdl Line: 33
Error (10500): VHDL syntax error at Preventing_the_Next_9_11_Bomb.vhdl(34) near text "'";  expecting "(", or an identifier, or  unary operator File: C:/Users/aaron/Desktop/IITB/Annual_Academic_Files/Year_2/Semester_4/EE214/P6/Aaron/Preventing_the_Next_9_11_Bomb.vhdl Line: 34
Error (10500): VHDL syntax error at Preventing_the_Next_9_11_Bomb.vhdl(35) near text "'";  expecting "(", or an identifier, or  unary operator File: C:/Users/aaron/Desktop/IITB/Annual_Academic_Files/Year_2/Semester_4/EE214/P6/Aaron/Preventing_the_Next_9_11_Bomb.vhdl Line: 35
Error (10500): VHDL syntax error at Preventing_the_Next_9_11_Bomb.vhdl(36) near text "'";  expecting "(", or an identifier, or  unary operator File: C:/Users/aaron/Desktop/IITB/Annual_Academic_Files/Year_2/Semester_4/EE214/P6/Aaron/Preventing_the_Next_9_11_Bomb.vhdl Line: 36
Error (10500): VHDL syntax error at Preventing_the_Next_9_11_Bomb.vhdl(37) near text "'";  expecting "(", or an identifier, or  unary operator File: C:/Users/aaron/Desktop/IITB/Annual_Academic_Files/Year_2/Semester_4/EE214/P6/Aaron/Preventing_the_Next_9_11_Bomb.vhdl Line: 37
Info (12021): Found 0 design units, including 0 entities, in source file preventing_the_next_9_11_bomb.vhdl
Error (10500): VHDL syntax error at Preventing_the_Next_9_11_Gun.vhdl(12) near text ",";  expecting ";", or ")" File: C:/Users/aaron/Desktop/IITB/Annual_Academic_Files/Year_2/Semester_4/EE214/P6/Aaron/Preventing_the_Next_9_11_Gun.vhdl Line: 12
Error (10500): VHDL syntax error at Preventing_the_Next_9_11_Gun.vhdl(16) near text ":=";  expecting "(", or "'", or "." File: C:/Users/aaron/Desktop/IITB/Annual_Academic_Files/Year_2/Semester_4/EE214/P6/Aaron/Preventing_the_Next_9_11_Gun.vhdl Line: 16
Error (10500): VHDL syntax error at Preventing_the_Next_9_11_Gun.vhdl(17) near text "then";  expecting "<=" File: C:/Users/aaron/Desktop/IITB/Annual_Academic_Files/Year_2/Semester_4/EE214/P6/Aaron/Preventing_the_Next_9_11_Gun.vhdl Line: 17
Error (10500): VHDL syntax error at Preventing_the_Next_9_11_Gun.vhdl(48) near text "if";  expecting ";", or an identifier ("if" is a reserved keyword), or "architecture" File: C:/Users/aaron/Desktop/IITB/Annual_Academic_Files/Year_2/Semester_4/EE214/P6/Aaron/Preventing_the_Next_9_11_Gun.vhdl Line: 48
Error (10500): VHDL syntax error at Preventing_the_Next_9_11_Gun.vhdl(50) near text "function";  expecting ";", or an identifier ("function" is a reserved keyword), or "architecture" File: C:/Users/aaron/Desktop/IITB/Annual_Academic_Files/Year_2/Semester_4/EE214/P6/Aaron/Preventing_the_Next_9_11_Gun.vhdl Line: 50
Error (10500): VHDL syntax error at Preventing_the_Next_9_11_Gun.vhdl(52) near text ";";  expecting "<=" File: C:/Users/aaron/Desktop/IITB/Annual_Academic_Files/Year_2/Semester_4/EE214/P6/Aaron/Preventing_the_Next_9_11_Gun.vhdl Line: 52
Error (10500): VHDL syntax error at Preventing_the_Next_9_11_Gun.vhdl(54) near text "function";  expecting "end", or "(", or an identifier ("function" is a reserved keyword), or a concurrent statement File: C:/Users/aaron/Desktop/IITB/Annual_Academic_Files/Year_2/Semester_4/EE214/P6/Aaron/Preventing_the_Next_9_11_Gun.vhdl Line: 54
Error (10500): VHDL syntax error at Preventing_the_Next_9_11_Gun.vhdl(54) near text ":";  expecting ")", or "," File: C:/Users/aaron/Desktop/IITB/Annual_Academic_Files/Year_2/Semester_4/EE214/P6/Aaron/Preventing_the_Next_9_11_Gun.vhdl Line: 54
Error (10500): VHDL syntax error at Preventing_the_Next_9_11_Gun.vhdl(57) near text "begin";  expecting "end", or "(", or an identifier ("begin" is a reserved keyword), or a concurrent statement File: C:/Users/aaron/Desktop/IITB/Annual_Academic_Files/Year_2/Semester_4/EE214/P6/Aaron/Preventing_the_Next_9_11_Gun.vhdl Line: 57
Error (10500): VHDL syntax error at Preventing_the_Next_9_11_Gun.vhdl(59) near text "then";  expecting "<=" File: C:/Users/aaron/Desktop/IITB/Annual_Academic_Files/Year_2/Semester_4/EE214/P6/Aaron/Preventing_the_Next_9_11_Gun.vhdl Line: 59
Error (10500): VHDL syntax error at Preventing_the_Next_9_11_Gun.vhdl(62) near text ";";  expecting "<=" File: C:/Users/aaron/Desktop/IITB/Annual_Academic_Files/Year_2/Semester_4/EE214/P6/Aaron/Preventing_the_Next_9_11_Gun.vhdl Line: 62
Error (10500): VHDL syntax error at Preventing_the_Next_9_11_Gun.vhdl(65) near text ";";  expecting "<=" File: C:/Users/aaron/Desktop/IITB/Annual_Academic_Files/Year_2/Semester_4/EE214/P6/Aaron/Preventing_the_Next_9_11_Gun.vhdl Line: 65
Error (10500): VHDL syntax error at Preventing_the_Next_9_11_Gun.vhdl(69) near text "begin";  expecting "end", or "(", or an identifier ("begin" is a reserved keyword), or a concurrent statement File: C:/Users/aaron/Desktop/IITB/Annual_Academic_Files/Year_2/Semester_4/EE214/P6/Aaron/Preventing_the_Next_9_11_Gun.vhdl Line: 69
Info (12021): Found 0 design units, including 0 entities, in source file preventing_the_next_9_11_gun.vhdl
Error (10500): VHDL syntax error at Preventing_the_Next_9_11_Knife.vhdl(12) near text ",";  expecting ";", or ")" File: C:/Users/aaron/Desktop/IITB/Annual_Academic_Files/Year_2/Semester_4/EE214/P6/Aaron/Preventing_the_Next_9_11_Knife.vhdl Line: 12
Error (10500): VHDL syntax error at Preventing_the_Next_9_11_Knife.vhdl(16) near text ":=";  expecting "(", or "'", or "." File: C:/Users/aaron/Desktop/IITB/Annual_Academic_Files/Year_2/Semester_4/EE214/P6/Aaron/Preventing_the_Next_9_11_Knife.vhdl Line: 16
Error (10500): VHDL syntax error at Preventing_the_Next_9_11_Knife.vhdl(17) near text "then";  expecting "<=" File: C:/Users/aaron/Desktop/IITB/Annual_Academic_Files/Year_2/Semester_4/EE214/P6/Aaron/Preventing_the_Next_9_11_Knife.vhdl Line: 17
Error (10500): VHDL syntax error at Preventing_the_Next_9_11_Knife.vhdl(48) near text "if";  expecting ";", or an identifier ("if" is a reserved keyword), or "architecture" File: C:/Users/aaron/Desktop/IITB/Annual_Academic_Files/Year_2/Semester_4/EE214/P6/Aaron/Preventing_the_Next_9_11_Knife.vhdl Line: 48
Error (10500): VHDL syntax error at Preventing_the_Next_9_11_Knife.vhdl(50) near text "function";  expecting ";", or an identifier ("function" is a reserved keyword), or "architecture" File: C:/Users/aaron/Desktop/IITB/Annual_Academic_Files/Year_2/Semester_4/EE214/P6/Aaron/Preventing_the_Next_9_11_Knife.vhdl Line: 50
Error (10500): VHDL syntax error at Preventing_the_Next_9_11_Knife.vhdl(52) near text ";";  expecting "<=" File: C:/Users/aaron/Desktop/IITB/Annual_Academic_Files/Year_2/Semester_4/EE214/P6/Aaron/Preventing_the_Next_9_11_Knife.vhdl Line: 52
Error (10500): VHDL syntax error at Preventing_the_Next_9_11_Knife.vhdl(54) near text "function";  expecting "end", or "(", or an identifier ("function" is a reserved keyword), or a concurrent statement File: C:/Users/aaron/Desktop/IITB/Annual_Academic_Files/Year_2/Semester_4/EE214/P6/Aaron/Preventing_the_Next_9_11_Knife.vhdl Line: 54
Error (10500): VHDL syntax error at Preventing_the_Next_9_11_Knife.vhdl(54) near text ":";  expecting ")", or "," File: C:/Users/aaron/Desktop/IITB/Annual_Academic_Files/Year_2/Semester_4/EE214/P6/Aaron/Preventing_the_Next_9_11_Knife.vhdl Line: 54
Error (10500): VHDL syntax error at Preventing_the_Next_9_11_Knife.vhdl(57) near text "begin";  expecting "end", or "(", or an identifier ("begin" is a reserved keyword), or a concurrent statement File: C:/Users/aaron/Desktop/IITB/Annual_Academic_Files/Year_2/Semester_4/EE214/P6/Aaron/Preventing_the_Next_9_11_Knife.vhdl Line: 57
Error (10500): VHDL syntax error at Preventing_the_Next_9_11_Knife.vhdl(59) near text "then";  expecting "<=" File: C:/Users/aaron/Desktop/IITB/Annual_Academic_Files/Year_2/Semester_4/EE214/P6/Aaron/Preventing_the_Next_9_11_Knife.vhdl Line: 59
Error (10500): VHDL syntax error at Preventing_the_Next_9_11_Knife.vhdl(62) near text ";";  expecting "<=" File: C:/Users/aaron/Desktop/IITB/Annual_Academic_Files/Year_2/Semester_4/EE214/P6/Aaron/Preventing_the_Next_9_11_Knife.vhdl Line: 62
Error (10500): VHDL syntax error at Preventing_the_Next_9_11_Knife.vhdl(65) near text ";";  expecting "<=" File: C:/Users/aaron/Desktop/IITB/Annual_Academic_Files/Year_2/Semester_4/EE214/P6/Aaron/Preventing_the_Next_9_11_Knife.vhdl Line: 65
Error (10500): VHDL syntax error at Preventing_the_Next_9_11_Knife.vhdl(69) near text "begin";  expecting "end", or "(", or an identifier ("begin" is a reserved keyword), or a concurrent statement File: C:/Users/aaron/Desktop/IITB/Annual_Academic_Files/Year_2/Semester_4/EE214/P6/Aaron/Preventing_the_Next_9_11_Knife.vhdl Line: 69
Info (12021): Found 0 design units, including 0 entities, in source file preventing_the_next_9_11_knife.vhdl
Error (10500): VHDL syntax error at Preventing_the_Next_9_11_Terror.vhdl(12) near text ",";  expecting ";", or ")" File: C:/Users/aaron/Desktop/IITB/Annual_Academic_Files/Year_2/Semester_4/EE214/P6/Aaron/Preventing_the_Next_9_11_Terror.vhdl Line: 12
Error (10500): VHDL syntax error at Preventing_the_Next_9_11_Terror.vhdl(16) near text ":=";  expecting "(", or "'", or "." File: C:/Users/aaron/Desktop/IITB/Annual_Academic_Files/Year_2/Semester_4/EE214/P6/Aaron/Preventing_the_Next_9_11_Terror.vhdl Line: 16
Error (10500): VHDL syntax error at Preventing_the_Next_9_11_Terror.vhdl(17) near text "then";  expecting "<=" File: C:/Users/aaron/Desktop/IITB/Annual_Academic_Files/Year_2/Semester_4/EE214/P6/Aaron/Preventing_the_Next_9_11_Terror.vhdl Line: 17
Error (10500): VHDL syntax error at Preventing_the_Next_9_11_Terror.vhdl(48) near text "if";  expecting ";", or an identifier ("if" is a reserved keyword), or "architecture" File: C:/Users/aaron/Desktop/IITB/Annual_Academic_Files/Year_2/Semester_4/EE214/P6/Aaron/Preventing_the_Next_9_11_Terror.vhdl Line: 48
Error (10500): VHDL syntax error at Preventing_the_Next_9_11_Terror.vhdl(50) near text "function";  expecting ";", or an identifier ("function" is a reserved keyword), or "architecture" File: C:/Users/aaron/Desktop/IITB/Annual_Academic_Files/Year_2/Semester_4/EE214/P6/Aaron/Preventing_the_Next_9_11_Terror.vhdl Line: 50
Error (10500): VHDL syntax error at Preventing_the_Next_9_11_Terror.vhdl(52) near text ";";  expecting "<=" File: C:/Users/aaron/Desktop/IITB/Annual_Academic_Files/Year_2/Semester_4/EE214/P6/Aaron/Preventing_the_Next_9_11_Terror.vhdl Line: 52
Error (10500): VHDL syntax error at Preventing_the_Next_9_11_Terror.vhdl(54) near text "function";  expecting "end", or "(", or an identifier ("function" is a reserved keyword), or a concurrent statement File: C:/Users/aaron/Desktop/IITB/Annual_Academic_Files/Year_2/Semester_4/EE214/P6/Aaron/Preventing_the_Next_9_11_Terror.vhdl Line: 54
Error (10500): VHDL syntax error at Preventing_the_Next_9_11_Terror.vhdl(54) near text ":";  expecting ")", or "," File: C:/Users/aaron/Desktop/IITB/Annual_Academic_Files/Year_2/Semester_4/EE214/P6/Aaron/Preventing_the_Next_9_11_Terror.vhdl Line: 54
Error (10500): VHDL syntax error at Preventing_the_Next_9_11_Terror.vhdl(57) near text "begin";  expecting "end", or "(", or an identifier ("begin" is a reserved keyword), or a concurrent statement File: C:/Users/aaron/Desktop/IITB/Annual_Academic_Files/Year_2/Semester_4/EE214/P6/Aaron/Preventing_the_Next_9_11_Terror.vhdl Line: 57
Error (10500): VHDL syntax error at Preventing_the_Next_9_11_Terror.vhdl(59) near text "then";  expecting "<=" File: C:/Users/aaron/Desktop/IITB/Annual_Academic_Files/Year_2/Semester_4/EE214/P6/Aaron/Preventing_the_Next_9_11_Terror.vhdl Line: 59
Error (10500): VHDL syntax error at Preventing_the_Next_9_11_Terror.vhdl(62) near text ";";  expecting "<=" File: C:/Users/aaron/Desktop/IITB/Annual_Academic_Files/Year_2/Semester_4/EE214/P6/Aaron/Preventing_the_Next_9_11_Terror.vhdl Line: 62
Error (10500): VHDL syntax error at Preventing_the_Next_9_11_Terror.vhdl(65) near text ";";  expecting "<=" File: C:/Users/aaron/Desktop/IITB/Annual_Academic_Files/Year_2/Semester_4/EE214/P6/Aaron/Preventing_the_Next_9_11_Terror.vhdl Line: 65
Error (10500): VHDL syntax error at Preventing_the_Next_9_11_Terror.vhdl(69) near text "begin";  expecting "end", or "(", or an identifier ("begin" is a reserved keyword), or a concurrent statement File: C:/Users/aaron/Desktop/IITB/Annual_Academic_Files/Year_2/Semester_4/EE214/P6/Aaron/Preventing_the_Next_9_11_Terror.vhdl Line: 69
Info (12021): Found 0 design units, including 0 entities, in source file preventing_the_next_9_11_terror.vhdl
Error: Quartus Prime Analysis & Synthesis was unsuccessful. 62 errors, 1 warning
    Error: Peak virtual memory: 4782 megabytes
    Error: Processing ended: Fri Mar 29 11:14:05 2019
    Error: Elapsed time: 00:00:17
    Error: Total CPU time (on all processors): 00:00:29


