Flow report for Quarter_Precision_Floating_Number_Multiplier
Sat Apr 20 23:05:31 2019
Quartus Prime Version 18.1.0 Build 625 09/12/2018 SJ Lite Edition


---------------------
; Table of Contents ;
---------------------
  1. Legal Notice
  2. Flow Summary
  3. Flow Settings
  4. Flow Non-Default Global Settings
  5. Flow Elapsed Time
  6. Flow OS Summary
  7. Flow Log
  8. Flow Messages
  9. Flow Suppressed Messages



----------------
; Legal Notice ;
----------------
Copyright (C) 2018  Intel Corporation. All rights reserved.
Your use of Intel Corporation's design tools, logic functions 
and other software and tools, and its AMPP partner logic 
functions, and any output files from any of the foregoing 
(including device programming or simulation files), and any 
associated documentation or information are expressly subject 
to the terms and conditions of the Intel Program License 
Subscription Agreement, the Intel Quartus Prime License Agreement,
the Intel FPGA IP License Agreement, or other applicable license
agreement, including, without limitation, that your use is for
the sole purpose of programming logic devices manufactured by
Intel and sold by Intel or its authorized distributors.  Please
refer to the applicable agreement for further details.



+----------------------------------------------------------------------+
; Flow Summary                                                         ;
+-----------------------+----------------------------------------------+
; Flow Status           ; Successful - Sat Apr 20 23:05:31 2019        ;
; Quartus Prime Version ; 18.1.0 Build 625 09/12/2018 SJ Lite Edition  ;
; Revision Name         ; Quarter_Precision_Floating_Number_Multiplier ;
; Top-level Entity Name ; Main                                         ;
; Family                ; MAX V                                        ;
; Device                ; 5M1270ZT144C5                                ;
; Timing Models         ; Final                                        ;
; Total logic elements  ; 73 / 1,270 ( 6 % )                           ;
; Total pins            ; 32 / 114 ( 28 % )                            ;
; Total virtual pins    ; 0                                            ;
; UFM blocks            ; 0 / 1 ( 0 % )                                ;
+-----------------------+----------------------------------------------+


+------------------------------------------------------------------+
; Flow Settings                                                    ;
+-------------------+----------------------------------------------+
; Option            ; Setting                                      ;
+-------------------+----------------------------------------------+
; Start date & time ; 04/20/2019 23:03:46                          ;
; Main task         ; Compilation                                  ;
; Revision Name     ; Quarter_Precision_Floating_Number_Multiplier ;
+-------------------+----------------------------------------------+


+-----------------------------------------------------------------------------------------------------------------------------------------------------+
; Flow Non-Default Global Settings                                                                                                                    ;
+--------------------------------------+--------------------------------+----------------------------------------------+-------------+----------------+
; Assignment Name                      ; Value                          ; Default Value                                ; Entity Name ; Section Id     ;
+--------------------------------------+--------------------------------+----------------------------------------------+-------------+----------------+
; COMPILER_SIGNATURE_ID                ; 88623642291344.155578162427868 ; --                                           ; --          ; --             ;
; EDA_DESIGN_INSTANCE_NAME             ; dut_instance                   ; --                                           ; --          ; Testbench      ;
; EDA_NATIVELINK_SIMULATION_TEST_BENCH ; Testbench                      ; --                                           ; --          ; eda_simulation ;
; EDA_OUTPUT_DATA_FORMAT               ; Vhdl                           ; --                                           ; --          ; eda_simulation ;
; EDA_SIMULATION_TOOL                  ; ModelSim-Altera (VHDL)         ; <None>                                       ; --          ; --             ;
; EDA_TEST_BENCH_ENABLE_STATUS         ; TEST_BENCH_MODE                ; --                                           ; --          ; eda_simulation ;
; EDA_TEST_BENCH_FILE                  ; Testbench.vhdl                 ; --                                           ; --          ; Testbench      ;
; EDA_TEST_BENCH_MODULE_NAME           ; Testbench.vhdl                 ; --                                           ; --          ; Testbench      ;
; EDA_TEST_BENCH_NAME                  ; Testbench                      ; --                                           ; --          ; eda_simulation ;
; EDA_TIME_SCALE                       ; 1 ps                           ; --                                           ; --          ; eda_simulation ;
; MAX_CORE_JUNCTION_TEMP               ; 85                             ; --                                           ; --          ; --             ;
; MIN_CORE_JUNCTION_TEMP               ; 0                              ; --                                           ; --          ; --             ;
; POWER_PRESET_COOLING_SOLUTION        ; No Heat Sink With Still Air    ; --                                           ; --          ; --             ;
; PROJECT_OUTPUT_DIRECTORY             ; output_files                   ; --                                           ; --          ; --             ;
; TOP_LEVEL_ENTITY                     ; Main                           ; Quarter_Precision_Floating_Number_Multiplier ; --          ; --             ;
+--------------------------------------+--------------------------------+----------------------------------------------+-------------+----------------+


+--------------------------------------------------------------------------------------------------------------------------+
; Flow Elapsed Time                                                                                                        ;
+----------------------+--------------+-------------------------+---------------------+------------------------------------+
; Module Name          ; Elapsed Time ; Average Processors Used ; Peak Virtual Memory ; Total CPU Time (on all processors) ;
+----------------------+--------------+-------------------------+---------------------+------------------------------------+
; Analysis & Synthesis ; 00:00:52     ; 1.0                     ; 4794 MB             ; 00:00:42                           ;
; Fitter               ; 00:00:08     ; 1.0                     ; 5087 MB             ; 00:00:03                           ;
; Assembler            ; 00:00:08     ; 1.0                     ; 4669 MB             ; 00:00:01                           ;
; Timing Analyzer      ; 00:00:05     ; 1.0                     ; 4674 MB             ; 00:00:02                           ;
; EDA Netlist Writer   ; 00:00:02     ; 1.0                     ; 4632 MB             ; 00:00:02                           ;
; Total                ; 00:01:15     ; --                      ; --                  ; 00:00:50                           ;
+----------------------+--------------+-------------------------+---------------------+------------------------------------+


+------------------------------------------------------------------------------------+
; Flow OS Summary                                                                    ;
+----------------------+------------------+------------+------------+----------------+
; Module Name          ; Machine Hostname ; OS Name    ; OS Version ; Processor type ;
+----------------------+------------------+------------+------------+----------------+
; Analysis & Synthesis ; DESKTOP-JB03NDO  ; Windows 10 ; 10.0       ; x86_64         ;
; Fitter               ; DESKTOP-JB03NDO  ; Windows 10 ; 10.0       ; x86_64         ;
; Assembler            ; DESKTOP-JB03NDO  ; Windows 10 ; 10.0       ; x86_64         ;
; Timing Analyzer      ; DESKTOP-JB03NDO  ; Windows 10 ; 10.0       ; x86_64         ;
; EDA Netlist Writer   ; DESKTOP-JB03NDO  ; Windows 10 ; 10.0       ; x86_64         ;
+----------------------+------------------+------------+------------+----------------+


------------
; Flow Log ;
------------
quartus_map --read_settings_files=on --write_settings_files=off Quarter_Precision_Floating_Number_Multiplier -c Quarter_Precision_Floating_Number_Multiplier
quartus_fit --read_settings_files=off --write_settings_files=off Quarter_Precision_Floating_Number_Multiplier -c Quarter_Precision_Floating_Number_Multiplier
quartus_asm --read_settings_files=off --write_settings_files=off Quarter_Precision_Floating_Number_Multiplier -c Quarter_Precision_Floating_Number_Multiplier
quartus_sta Quarter_Precision_Floating_Number_Multiplier -c Quarter_Precision_Floating_Number_Multiplier
quartus_eda --read_settings_files=off --write_settings_files=off Quarter_Precision_Floating_Number_Multiplier -c Quarter_Precision_Floating_Number_Multiplier



